<?xml version="1.0" encoding="UTF-8"?>
<!-- Generated by org.testng.reporters.JUnitReportReporter -->
<testsuite hostname="DESKTOP-LJ0INAF" failures="0" tests="1" name="Basic.ContactsTest" time="3.651" errors="0" timestamp="2024-03-16T12:30:39 IST" skipped="0">
  <testcase classname="Basic.ContactsTest" name="CreateOrganizationTest" time="3.651"/>
  <system-out/>
</testsuite> <!-- Basic.ContactsTest -->
